<?xml version="1.0" encoding="UTF-8"?>
<!-- Generated by org.testng.reporters.JUnitReportReporter -->
<testsuite hostname="Swathi-Sekhar" failures="0" tests="1" name="maventestng.Javascriptexecuter" time="9.209" errors="0" timestamp="19 Apr 2025 14:10:53 GMT">
  <testcase classname="maventestng.Javascriptexecuter" name="testLaunchBrowser" time="9.209"/>
</testsuite> <!-- maventestng.Javascriptexecuter -->
