<?xml version="1.0" encoding="UTF-8"?>
<!-- Generated by org.testng.reporters.JUnitReportReporter -->
<testsuite hostname="Swathi-Sekhar" failures="0" tests="1" name="maventestng.Capturescreenshot" time="7.055" errors="0" timestamp="2025-04-13T13:18:52 IST" skipped="0">
  <testcase classname="maventestng.Capturescreenshot" name="screenshot" time="7.055"/>
</testsuite> <!-- maventestng.Capturescreenshot -->
