<?xml version="1.0" encoding="UTF-8"?>
<!-- Generated by org.testng.reporters.JUnitReportReporter -->
<testsuite hostname="Swathi-Sekhar" failures="0" tests="1" name="maventestng.SeleniumTest" time="31.403" errors="0" timestamp="18 Apr 2025 15:59:30 GMT">
  <testcase classname="maventestng.SeleniumTest" name="testLaunchBrowser" time="31.403"/>
</testsuite> <!-- maventestng.SeleniumTest -->
