<?xml version="1.0" encoding="UTF-8"?>
<!-- Generated by org.testng.reporters.JUnitReportReporter -->
<testsuite hostname="DESKTOP-RDDM8MR" failures="0" tests="1" name="maventestng.sample1" time="0.025" errors="0" timestamp="2025-03-03T23:24:10 IST" skipped="0">
  <testcase classname="maventestng.sample1" name="myTest" time="0.025"/>
</testsuite> <!-- maventestng.sample1 -->
