<?xml version="1.0" encoding="UTF-8"?>
<!-- Generated by org.testng.reporters.JUnitReportReporter -->
<testsuite hostname="Swathi-Sekhar" failures="0" tests="1" name="maventestng.Actionsandmethods" time="33.698" errors="0" timestamp="19 Apr 2025 14:10:53 GMT">
  <testcase classname="maventestng.Actionsandmethods" name="actions" time="33.698"/>
</testsuite> <!-- maventestng.Actionsandmethods -->
