<?xml version="1.0" encoding="UTF-8"?>
<!-- Generated by org.testng.reporters.JUnitReportReporter -->
<testsuite hostname="Swathi-Sekhar" failures="0" tests="1" name="maventestng.Elementpresent" time="18.193" errors="0" timestamp="19 Apr 2025 14:10:53 GMT">
  <testcase classname="maventestng.Elementpresent" name="present" time="18.193"/>
</testsuite> <!-- maventestng.Elementpresent -->
