<?xml version="1.0" encoding="UTF-8"?>
<!-- Generated by org.testng.reporters.JUnitReportReporter -->
<testsuite hostname="Swathi-Sekhar" failures="0" tests="1" name="com.wordpress.test.Testcases" time="13.149" errors="0" timestamp="17 Apr 2025 12:08:19 GMT">
  <testcase classname="com.wordpress.test.Testcases" name="verifylogin" time="13.149"/>
</testsuite> <!-- com.wordpress.test.Testcases -->
