<?xml version="1.0" encoding="UTF-8"?>
<!-- Generated by org.testng.reporters.JUnitReportReporter -->
<testsuite hostname="Swathi-Sekhar" failures="0" tests="1" name="maventestng.SeleniumTest" time="8.806" errors="0" timestamp="19 Apr 2025 13:27:49 GMT">
  <testcase classname="maventestng.SeleniumTest" name="testLaunchBrowser" time="8.806"/>
</testsuite> <!-- maventestng.SeleniumTest -->
